[INFO  - 2017-07-04T18:40:47.518Z] GhostDriver - Main - running on port 38088
[INFO  - 2017-07-04T18:40:47.896Z] Session [4bd37d40-60e8-11e7-8a21-3775e1df7f78] - page.settings - {"XSSAuditingEnabled":false,"javascriptCanCloseWindows":true,"javascriptCanOpenWindows":true,"javascriptEnabled":true,"loadImages":true,"localToRemoteUrlAccessEnabled":false,"userAgent":"Mozilla/5.0 (Windows NT 6.2; WOW64) AppleWebKit/538.1 (KHTML, like Gecko) PhantomJS/2.1.1 Safari/538.1","webSecurityEnabled":true}
[INFO  - 2017-07-04T18:40:47.897Z] Session [4bd37d40-60e8-11e7-8a21-3775e1df7f78] - page.customHeaders:  - {}
[INFO  - 2017-07-04T18:40:47.897Z] Session [4bd37d40-60e8-11e7-8a21-3775e1df7f78] - Session.negotiatedCapabilities - {"browserName":"phantomjs","version":"2.1.1","driverName":"ghostdriver","driverVersion":"1.2.0","platform":"windows-10-32bit","javascriptEnabled":true,"takesScreenshot":true,"handlesAlerts":false,"databaseEnabled":false,"locationContextEnabled":false,"applicationCacheEnabled":false,"browserConnectionEnabled":false,"cssSelectorsEnabled":true,"webStorageEnabled":false,"rotatable":false,"acceptSslCerts":false,"nativeEvents":true,"proxy":{"proxyType":"direct"}}
[INFO  - 2017-07-04T18:40:47.897Z] SessionManagerReqHand - _postNewSessionCommand - New Session Created: 4bd37d40-60e8-11e7-8a21-3775e1df7f78
[INFO  - 2017-07-04T18:45:47.517Z] SessionManagerReqHand - _cleanupWindowlessSessions - Asynchronous Sessions clean-up phase starting NOW
[INFO  - 2017-07-04T18:50:47.518Z] SessionManagerReqHand - _cleanupWindowlessSessions - Asynchronous Sessions clean-up phase starting NOW
[INFO  - 2017-07-04T18:52:20.365Z] GhostDriver - Main - running on port 24252
[INFO  - 2017-07-04T18:52:20.721Z] Session [e8c80ac0-60e9-11e7-be44-f1fc1e9f287b] - page.settings - {"XSSAuditingEnabled":false,"javascriptCanCloseWindows":true,"javascriptCanOpenWindows":true,"javascriptEnabled":true,"loadImages":true,"localToRemoteUrlAccessEnabled":false,"userAgent":"Mozilla/5.0 (Windows NT 6.2; WOW64) AppleWebKit/538.1 (KHTML, like Gecko) PhantomJS/2.1.1 Safari/538.1","webSecurityEnabled":true}
[INFO  - 2017-07-04T18:52:20.721Z] Session [e8c80ac0-60e9-11e7-be44-f1fc1e9f287b] - page.customHeaders:  - {}
[INFO  - 2017-07-04T18:52:20.722Z] Session [e8c80ac0-60e9-11e7-be44-f1fc1e9f287b] - Session.negotiatedCapabilities - {"browserName":"phantomjs","version":"2.1.1","driverName":"ghostdriver","driverVersion":"1.2.0","platform":"windows-10-32bit","javascriptEnabled":true,"takesScreenshot":true,"handlesAlerts":false,"databaseEnabled":false,"locationContextEnabled":false,"applicationCacheEnabled":false,"browserConnectionEnabled":false,"cssSelectorsEnabled":true,"webStorageEnabled":false,"rotatable":false,"acceptSslCerts":false,"nativeEvents":true,"proxy":{"proxyType":"direct"}}
[INFO  - 2017-07-04T18:52:20.722Z] SessionManagerReqHand - _postNewSessionCommand - New Session Created: e8c80ac0-60e9-11e7-be44-f1fc1e9f287b
[INFO  - 2017-07-04T18:52:23.436Z] ShutdownReqHand - _handle - About to shutdown
[INFO  - 2017-07-04T18:53:58.298Z] GhostDriver - Main - running on port 20300
[INFO  - 2017-07-04T18:53:58.718Z] Session [233159a0-60ea-11e7-8d17-19b010651355] - page.settings - {"XSSAuditingEnabled":false,"javascriptCanCloseWindows":true,"javascriptCanOpenWindows":true,"javascriptEnabled":true,"loadImages":true,"localToRemoteUrlAccessEnabled":false,"userAgent":"Mozilla/5.0 (Windows NT 6.2; WOW64) AppleWebKit/538.1 (KHTML, like Gecko) PhantomJS/2.1.1 Safari/538.1","webSecurityEnabled":true}
[INFO  - 2017-07-04T18:53:58.718Z] Session [233159a0-60ea-11e7-8d17-19b010651355] - page.customHeaders:  - {}
[INFO  - 2017-07-04T18:53:58.718Z] Session [233159a0-60ea-11e7-8d17-19b010651355] - Session.negotiatedCapabilities - {"browserName":"phantomjs","version":"2.1.1","driverName":"ghostdriver","driverVersion":"1.2.0","platform":"windows-10-32bit","javascriptEnabled":true,"takesScreenshot":true,"handlesAlerts":false,"databaseEnabled":false,"locationContextEnabled":false,"applicationCacheEnabled":false,"browserConnectionEnabled":false,"cssSelectorsEnabled":true,"webStorageEnabled":false,"rotatable":false,"acceptSslCerts":false,"nativeEvents":true,"proxy":{"proxyType":"direct"}}
[INFO  - 2017-07-04T18:53:58.719Z] SessionManagerReqHand - _postNewSessionCommand - New Session Created: 233159a0-60ea-11e7-8d17-19b010651355
[ERROR - 2017-07-04T18:54:01.196Z] WebElementLocator - _handleLocateCommand - Element(s) NOT Found: GAVE UP. Search Stop Time: 1499194441152
[INFO  - 2017-07-04T18:58:58.296Z] SessionManagerReqHand - _cleanupWindowlessSessions - Asynchronous Sessions clean-up phase starting NOW
7-a970-f3c4f0b7d567] - page.settings - {"XSSAuditingEnabled":false,"javascriptCanCloseWindows":true,"javascriptCanOpenWindows":true,"javascriptEnabled":true,"loadImages":true,"localToRemoteUrlAccessEnabled":false,"userAgent":"Mozilla/5.0 (Windows NT 6.2; WOW64) AppleWebKit/538.1 (KHTML, like Gecko) PhantomJS/2.1.1 Safari/538.1","webSecurityEnabled":true}
[INFO  - 2017-07-04T18:54:45.100Z] Session [3ed6ae80-60ea-11e7-a970-f3c4f0b7d567] - page.customHeaders:  - {}
[INFO  - 2017-07-04T18:54:45.101Z] Session [3ed6ae80-60ea-11e7-a970-f3c4f0b7d567] - Session.negotiatedCapabilities - {"browserName":"phantomjs","version":"2.1.1","driverName":"ghostdriver","driverVersion":"1.2.0","platform":"windows-10-32bit","javascriptEnabled":true,"takesScreenshot":true,"handlesAlerts":false,"databaseEnabled":false,"locationContextEnabled":false,"applicationCacheEnabled":false,"browserConnectionEnabled":false,"cssSelectorsEnabled":true,"webStorageEnabled":false,"rotatable":false,"acceptSslCerts":false,"nativeEvents":true,"proxy":{"proxyType":"direct"}}
[INFO  - 2017-07-04T18:54:45.101Z] SessionManagerReqHand - _postNewSessionCommand - New Session Created: 3ed6ae80-60ea-11e7-a970-f3c4f0b7d567
[INFO  - 2017-07-04T18:59:44.723Z] SessionManagerReqHand - _cleanupWindowlessSessions - Asynchronous Sessions clean-up phase starting NOW
e7-9ad4-3dbda8d5f3c6] - page.settings - {"XSSAuditingEnabled":false,"javascriptCanCloseWindows":true,"javascriptCanOpenWindows":true,"javascriptEnabled":true,"loadImages":true,"localToRemoteUrlAccessEnabled":false,"userAgent":"Mozilla/5.0 (Windows NT 6.2; WOW64) AppleWebKit/538.1 (KHTML, like Gecko) PhantomJS/2.1.1 Safari/538.1","webSecurityEnabled":true}
[INFO  - 2017-07-04T18:57:08.731Z] Session [94730870-60ea-11e7-9ad4-3dbda8d5f3c6] - page.customHeaders:  - {}
[INFO  - 2017-07-04T18:57:08.732Z] Session [94730870-60ea-11e7-9ad4-3dbda8d5f3c6] - Session.negotiatedCapabilities - {"browserName":"phantomjs","version":"2.1.1","driverName":"ghostdriver","driverVersion":"1.2.0","platform":"windows-10-32bit","javascriptEnabled":true,"takesScreenshot":true,"handlesAlerts":false,"databaseEnabled":false,"locationContextEnabled":false,"applicationCacheEnabled":false,"browserConnectionEnabled":false,"cssSelectorsEnabled":true,"webStorageEnabled":false,"rotatable":false,"acceptSslCerts":false,"nativeEvents":true,"proxy":{"proxyType":"direct"}}
[INFO  - 2017-07-04T18:57:08.732Z] SessionManagerReqHand - _postNewSessionCommand - New Session Created: 94730870-60ea-11e7-9ad4-3dbda8d5f3c6
[INFO  - 2017-07-04T19:01:30.314Z] ShutdownReqHand - _handle - About to shutdown
[INFO  - 2017-07-04T19:04:12.301Z] GhostDriver - Main - running on port 8148
[INFO  - 2017-07-04T19:04:12.674Z] Session [912399e0-60eb-11e7-b9ad-9d10d4ac3a89] - page.settings - {"XSSAuditingEnabled":false,"javascriptCanCloseWindows":true,"javascriptCanOpenWindows":true,"javascriptEnabled":true,"loadImages":true,"localToRemoteUrlAccessEnabled":false,"userAgent":"Mozilla/5.0 (Windows NT 6.2; WOW64) AppleWebKit/538.1 (KHTML, like Gecko) PhantomJS/2.1.1 Safari/538.1","webSecurityEnabled":true}
[INFO  - 2017-07-04T19:04:12.674Z] Session [912399e0-60eb-11e7-b9ad-9d10d4ac3a89] - page.customHeaders:  - {}
[INFO  - 2017-07-04T19:04:12.675Z] Session [912399e0-60eb-11e7-b9ad-9d10d4ac3a89] - Session.negotiatedCapabilities - {"browserName":"phantomjs","version":"2.1.1","driverName":"ghostdriver","driverVersion":"1.2.0","platform":"windows-10-32bit","javascriptEnabled":true,"takesScreenshot":true,"handlesAlerts":false,"databaseEnabled":false,"locationContextEnabled":false,"applicationCacheEnabled":false,"browserConnectionEnabled":false,"cssSelectorsEnabled":true,"webStorageEnabled":false,"rotatable":false,"acceptSslCerts":false,"nativeEvents":true,"proxy":{"proxyType":"direct"}}
[INFO  - 2017-07-04T19:04:12.675Z] SessionManagerReqHand - _postNewSessionCommand - New Session Created: 912399e0-60eb-11e7-b9ad-9d10d4ac3a89
[INFO  - 2017-07-04T19:05:25.896Z] ShutdownReqHand - _handle - About to shutdown
[INFO  - 2017-07-04T19:09:26.951Z] GhostDriver - Main - running on port 17989
[INFO  - 2017-07-04T19:09:27.599Z] Session [4cd957b0-60ec-11e7-9dea-f1e49ac5a0e6] - page.settings - {"XSSAuditingEnabled":false,"javascriptCanCloseWindows":true,"javascriptCanOpenWindows":true,"javascriptEnabled":true,"loadImages":true,"localToRemoteUrlAccessEnabled":false,"userAgent":"Mozilla/5.0 (Windows NT 6.2; WOW64) AppleWebKit/538.1 (KHTML, like Gecko) PhantomJS/2.1.1 Safari/538.1","webSecurityEnabled":true}
[INFO  - 2017-07-04T19:09:27.599Z] Session [4cd957b0-60ec-11e7-9dea-f1e49ac5a0e6] - page.customHeaders:  - {}
[INFO  - 2017-07-04T19:09:27.599Z] Session [4cd957b0-60ec-11e7-9dea-f1e49ac5a0e6] - Session.negotiatedCapabilities - {"browserName":"phantomjs","version":"2.1.1","driverName":"ghostdriver","driverVersion":"1.2.0","platform":"windows-10-32bit","javascriptEnabled":true,"takesScreenshot":true,"handlesAlerts":false,"databaseEnabled":false,"locationContextEnabled":false,"applicationCacheEnabled":false,"browserConnectionEnabled":false,"cssSelectorsEnabled":true,"webStorageEnabled":false,"rotatable":false,"acceptSslCerts":false,"nativeEvents":true,"proxy":{"proxyType":"direct"}}
[INFO  - 2017-07-04T19:09:27.599Z] SessionManagerReqHand - _postNewSessionCommand - New Session Created: 4cd957b0-60ec-11e7-9dea-f1e49ac5a0e6
[INFO  - 2017-07-04T19:10:37.948Z] ShutdownReqHand - _handle - About to shutdown
[INFO  - 2017-07-04T19:10:48.723Z] GhostDriver - Main - running on port 13750
[INFO  - 2017-07-04T19:10:49.118Z] Session [7d700090-60ec-11e7-9820-13c134238036] - page.settings - {"XSSAuditingEnabled":false,"javascriptCanCloseWindows":true,"javascriptCanOpenWindows":true,"javascriptEnabled":true,"loadImages":true,"localToRemoteUrlAccessEnabled":false,"userAgent":"Mozilla/5.0 (Windows NT 6.2; WOW64) AppleWebKit/538.1 (KHTML, like Gecko) PhantomJS/2.1.1 Safari/538.1","webSecurityEnabled":true}
[INFO  - 2017-07-04T19:10:49.118Z] Session [7d700090-60ec-11e7-9820-13c134238036] - page.customHeaders:  - {}
[INFO  - 2017-07-04T19:10:49.118Z] Session [7d700090-60ec-11e7-9820-13c134238036] - Session.negotiatedCapabilities - {"browserName":"phantomjs","version":"2.1.1","driverName":"ghostdriver","driverVersion":"1.2.0","platform":"windows-10-32bit","javascriptEnabled":true,"takesScreenshot":true,"handlesAlerts":false,"databaseEnabled":false,"locationContextEnabled":false,"applicationCacheEnabled":false,"browserConnectionEnabled":false,"cssSelectorsEnabled":true,"webStorageEnabled":false,"rotatable":false,"acceptSslCerts":false,"nativeEvents":true,"proxy":{"proxyType":"direct"}}
[INFO  - 2017-07-04T19:10:49.118Z] SessionManagerReqHand - _postNewSessionCommand - New Session Created: 7d700090-60ec-11e7-9820-13c134238036
[ERROR - 2017-07-04T19:10:54.094Z] WebElementLocator - _handleLocateCommand - Element(s) NOT Found: GAVE UP. Search Stop Time: 1499195454071
[INFO  - 2017-07-04T19:11:15.689Z] GhostDriver - Main - running on port 2123
[INFO  - 2017-07-04T19:11:16.092Z] Session [8d83e870-60ec-11e7-952c-3d8b002e3b5e] - page.settings - {"XSSAuditingEnabled":false,"javascriptCanCloseWindows":true,"javascriptCanOpenWindows":true,"javascriptEnabled":true,"loadImages":true,"localToRemoteUrlAccessEnabled":false,"userAgent":"Mozilla/5.0 (Windows NT 6.2; WOW64) AppleWebKit/538.1 (KHTML, like Gecko) PhantomJS/2.1.1 Safari/538.1","webSecurityEnabled":true}
[INFO  - 2017-07-04T19:11:16.092Z] Session [8d83e870-60ec-11e7-952c-3d8b002e3b5e] - page.customHeaders:  - {}
[INFO  - 2017-07-04T19:11:16.092Z] Session [8d83e870-60ec-11e7-952c-3d8b002e3b5e] - Session.negotiatedCapabilities - {"browserName":"phantomjs","version":"2.1.1","driverName":"ghostdriver","driverVersion":"1.2.0","platform":"windows-10-32bit","javascriptEnabled":true,"takesScreenshot":true,"handlesAlerts":false,"databaseEnabled":false,"locationContextEnabled":false,"applicationCacheEnabled":false,"browserConnectionEnabled":false,"cssSelectorsEnabled":true,"webStorageEnabled":false,"rotatable":false,"acceptSslCerts":false,"nativeEvents":true,"proxy":{"proxyType":"direct"}}
[INFO  - 2017-07-04T19:11:16.092Z] SessionManagerReqHand - _postNewSessionCommand - New Session Created: 8d83e870-60ec-11e7-952c-3d8b002e3b5e
[INFO  - 2017-07-04T19:11:27.753Z] GhostDriver - Main - running on port 13277
[INFO  - 2017-07-04T19:11:28.125Z] Session [94b02690-60ec-11e7-b8a7-d7ed101b24a2] - page.settings - {"XSSAuditingEnabled":false,"javascriptCanCloseWindows":true,"javascriptCanOpenWindows":true,"javascriptEnabled":true,"loadImages":true,"localToRemoteUrlAccessEnabled":false,"userAgent":"Mozilla/5.0 (Windows NT 6.2; WOW64) AppleWebKit/538.1 (KHTML, like Gecko) PhantomJS/2.1.1 Safari/538.1","webSecurityEnabled":true}
[INFO  - 2017-07-04T19:11:28.126Z] Session [94b02690-60ec-11e7-b8a7-d7ed101b24a2] - page.customHeaders:  - {}
[INFO  - 2017-07-04T19:11:28.126Z] Session [94b02690-60ec-11e7-b8a7-d7ed101b24a2] - Session.negotiatedCapabilities - {"browserName":"phantomjs","version":"2.1.1","driverName":"ghostdriver","driverVersion":"1.2.0","platform":"windows-10-32bit","javascriptEnabled":true,"takesScreenshot":true,"handlesAlerts":false,"databaseEnabled":false,"locationContextEnabled":false,"applicationCacheEnabled":false,"browserConnectionEnabled":false,"cssSelectorsEnabled":true,"webStorageEnabled":false,"rotatable":false,"acceptSslCerts":false,"nativeEvents":true,"proxy":{"proxyType":"direct"}}
[INFO  - 2017-07-04T19:11:28.126Z] SessionManagerReqHand - _postNewSessionCommand - New Session Created: 94b02690-60ec-11e7-b8a7-d7ed101b24a2
[INFO  - 2017-07-04T19:11:44.541Z] ShutdownReqHand - _handle - About to shutdown
[INFO  - 2017-07-04T19:12:40.137Z] GhostDriver - Main - running on port 24351
[INFO  - 2017-07-04T19:12:40.520Z] Session [bfd6c040-60ec-11e7-a70d-69e3e855f552] - page.settings - {"XSSAuditingEnabled":false,"javascriptCanCloseWindows":true,"javascriptCanOpenWindows":true,"javascriptEnabled":true,"loadImages":true,"localToRemoteUrlAccessEnabled":false,"userAgent":"Mozilla/5.0 (Windows NT 6.2; WOW64) AppleWebKit/538.1 (KHTML, like Gecko) PhantomJS/2.1.1 Safari/538.1","webSecurityEnabled":true}
[INFO  - 2017-07-04T19:12:40.520Z] Session [bfd6c040-60ec-11e7-a70d-69e3e855f552] - page.customHeaders:  - {}
[INFO  - 2017-07-04T19:12:40.520Z] Session [bfd6c040-60ec-11e7-a70d-69e3e855f552] - Session.negotiatedCapabilities - {"browserName":"phantomjs","version":"2.1.1","driverName":"ghostdriver","driverVersion":"1.2.0","platform":"windows-10-32bit","javascriptEnabled":true,"takesScreenshot":true,"handlesAlerts":false,"databaseEnabled":false,"locationContextEnabled":false,"applicationCacheEnabled":false,"browserConnectionEnabled":false,"cssSelectorsEnabled":true,"webStorageEnabled":false,"rotatable":false,"acceptSslCerts":false,"nativeEvents":true,"proxy":{"proxyType":"direct"}}
[INFO  - 2017-07-04T19:12:40.520Z] SessionManagerReqHand - _postNewSessionCommand - New Session Created: bfd6c040-60ec-11e7-a70d-69e3e855f552
[INFO  - 2017-07-04T19:12:53.377Z] GhostDriver - Main - running on port 44257
[INFO  - 2017-07-04T19:12:53.769Z] Session [c7bc3c40-60ec-11e7-8036-27f47a290d97] - page.settings - {"XSSAuditingEnabled":false,"javascriptCanCloseWindows":true,"javascriptCanOpenWindows":true,"javascriptEnabled":true,"loadImages":true,"localToRemoteUrlAccessEnabled":false,"userAgent":"Mozilla/5.0 (Windows NT 6.2; WOW64) AppleWebKit/538.1 (KHTML, like Gecko) PhantomJS/2.1.1 Safari/538.1","webSecurityEnabled":true}
[INFO  - 2017-07-04T19:12:53.769Z] Session [c7bc3c40-60ec-11e7-8036-27f47a290d97] - page.customHeaders:  - {}
[INFO  - 2017-07-04T19:12:53.769Z] Session [c7bc3c40-60ec-11e7-8036-27f47a290d97] - Session.negotiatedCapabilities - {"browserName":"phantomjs","version":"2.1.1","driverName":"ghostdriver","driverVersion":"1.2.0","platform":"windows-10-32bit","javascriptEnabled":true,"takesScreenshot":true,"handlesAlerts":false,"databaseEnabled":false,"locationContextEnabled":false,"applicationCacheEnabled":false,"browserConnectionEnabled":false,"cssSelectorsEnabled":true,"webStorageEnabled":false,"rotatable":false,"acceptSslCerts":false,"nativeEvents":true,"proxy":{"proxyType":"direct"}}
[INFO  - 2017-07-04T19:12:53.770Z] SessionManagerReqHand - _postNewSessionCommand - New Session Created: c7bc3c40-60ec-11e7-8036-27f47a290d97
[INFO  - 2017-07-04T19:13:41.844Z] GhostDriver - Main - running on port 41181
[INFO  - 2017-07-04T19:13:42.248Z] Session [e4a1b240-60ec-11e7-a566-4faf57c6071a] - page.settings - {"XSSAuditingEnabled":false,"javascriptCanCloseWindows":true,"javascriptCanOpenWindows":true,"javascriptEnabled":true,"loadImages":true,"localToRemoteUrlAccessEnabled":false,"userAgent":"Mozilla/5.0 (Windows NT 6.2; WOW64) AppleWebKit/538.1 (KHTML, like Gecko) PhantomJS/2.1.1 Safari/538.1","webSecurityEnabled":true}
[INFO  - 2017-07-04T19:13:42.249Z] Session [e4a1b240-60ec-11e7-a566-4faf57c6071a] - page.customHeaders:  - {}
[INFO  - 2017-07-04T19:13:42.249Z] Session [e4a1b240-60ec-11e7-a566-4faf57c6071a] - Session.negotiatedCapabilities - {"browserName":"phantomjs","version":"2.1.1","driverName":"ghostdriver","driverVersion":"1.2.0","platform":"windows-10-32bit","javascriptEnabled":true,"takesScreenshot":true,"handlesAlerts":false,"databaseEnabled":false,"locationContextEnabled":false,"applicationCacheEnabled":false,"browserConnectionEnabled":false,"cssSelectorsEnabled":true,"webStorageEnabled":false,"rotatable":false,"acceptSslCerts":false,"nativeEvents":true,"proxy":{"proxyType":"direct"}}
[INFO  - 2017-07-04T19:13:42.249Z] SessionManagerReqHand - _postNewSessionCommand - New Session Created: e4a1b240-60ec-11e7-a566-4faf57c6071a
[INFO  - 2017-07-04T19:13:54.861Z] ShutdownReqHand - _handle - About to shutdown
